/*C5*/SET SCHEMA PUBLIC
DELETE FROM LIGNE_COMMANDE WHERE ID=1
DELETE FROM LIGNE_COMMANDE WHERE ID=2
COMMIT
/*C6*/SET SCHEMA PUBLIC
INSERT INTO LIGNE_COMMANDE VALUES(3,200,'Livres')
COMMIT
INSERT INTO LIGNE_COMMANDE VALUES(4,30,'HDD')
COMMIT
DISCONNECT
/*C7*/SET SCHEMA PUBLIC
INSERT INTO LIGNE_COMMANDE VALUES(5,200,'Livres')
COMMIT
INSERT INTO LIGNE_COMMANDE VALUES(6,30,'HDD')
COMMIT
DELETE FROM LIGNE_COMMANDE WHERE ID=4
INSERT INTO LIGNE_COMMANDE VALUES(4,30,'Bloom')
COMMIT
DISCONNECT
/*C8*/SET SCHEMA PUBLIC
INSERT INTO LIGNE_COMMANDE VALUES(7,200,'Livres')
COMMIT
INSERT INTO LIGNE_COMMANDE VALUES(8,30,'HDD')
COMMIT
DELETE FROM LIGNE_COMMANDE WHERE ID=4
COMMIT
/*C9*/SET SCHEMA PUBLIC
DISCONNECT
/*C8*/DISCONNECT
/*C10*/SET SCHEMA PUBLIC
INSERT INTO LIGNE_COMMANDE VALUES(9,200,'Livres')
COMMIT
INSERT INTO LIGNE_COMMANDE VALUES(10,30,'HDD')
COMMIT
